Initializing signals
Initializing back-propogation model
Linking signals
Creating trace file
Linking signals to trace file
Loading data
Generating weights
Commencing training
1.35961
1.28394
1.31032
1.43821
1.31622
1.47292
1.54203
1.33556
1.47015
1.42384
1.4283
1.46493
1.44339
1.40193
1.34305
1.44268
1.35128
1.39961
1.31132
1.54671
1.49616
1.51033
1.53193
1.64447
1.46285
1.64944
1.51822
1.5759
1.5884
1.60504
1.50778
1.62688
1.59757
1.68037
1.54674
1.49145
1.46851
1.54269
1.55076
1.64683
0.868688
0.924767
1.05551
0.910968
0.891387
1.0852
1.06864
1.04113
1.11231
0.980128
0.976228
0.924874
0.939068
0.988904
0.96608
0.889669
0.958014
1.01229
1.05049
1.01093
0.858819
0.737531
0.781911
0.935798
0.801136
0.882966
0.897846
0.867183
0.794411
0.92135
0.887733
0.850234
0.900027
0.862944
0.911922
0.904748
0.872757
0.816778
0.815126
0.91482
1.27219
1.12622
1.03813
1.20952
1.11677
1.19832
1.31126
1.21988
1.24387
1.24777
1.18283
1.20937
1.19806
1.18545
1.18118
1.08231
1.20794
1.09647
1.10644
1.14696
1.39769
1.46184
1.36074
1.49553
1.4781
1.53467
1.57615
1.50023
1.52894
1.49051
1.52604
1.51903
1.4322
1.55889
1.48777
1.27534
1.32399
1.50062
1.43035
1.55206
0.92347
0.848536
0.828022
0.949766
0.92248
0.920386
0.90809
0.799271
0.886595
0.882707
0.959661
0.901112
0.867117
0.884397
0.926691
0.98737
0.983405
0.846817
0.836029
0.931835
1.7395
1.73332
1.70333
1.87423
1.75122
1.96845
2.05417
1.8383
1.94155
1.87535
1.88753
1.84532
1.71466
1.91813
1.71141
1.84144
1.76
1.8528
1.81968
1.90656
0.555683
0.470802
0.49074
0.629928
0.561817
0.552611
0.600479
0.49363
0.566866
0.555245
0.628651
0.614537
0.544415
0.554427
0.580646
0.573788
0.619263
0.486802
0.506503
0.558628
1.02482
1.08049
0.999526
1.22816
1.0691
1.11687
1.22092
1.08266
1.22232
1.12132
1.03349
1.05328
1.00568
1.22212
1.0571
1.02657
1.04296
1.02658
1.20267
1.09286
1.39787
1.35874
1.31429
1.4398
1.43218
1.55911
1.52493
1.40117
1.4146
1.48538
1.50223
1.52546
1.45241
1.43545
1.45099
1.49692
1.47066
1.43879
1.36832
1.4786
0.679303
0.695425
0.623889
0.778757
0.757526
0.73599
0.743658
0.692009
0.719521
0.811239
0.690308
0.637864
0.679563
0.790935
0.818623
0.660341
0.657896
0.653284
0.732928
0.720812
1.67359
1.68962
1.68398
1.74818
1.71306
1.96981
1.89054
1.66248
1.74434
1.80459
1.79301
1.88795
1.79708
1.9086
1.82079
1.81004
1.90037
1.84031
1.80977
1.88386
1.38082
1.38501
1.33268
1.49816
1.30639
1.43371
1.53516
1.35529
1.51586
1.51941
1.34565
1.42255
1.4463
1.53053
1.47706
1.39235
1.33805
1.34486
1.29321
1.45892
0.569078
0.485113
0.536058
0.628283
0.641559
0.578027
0.596819
0.533953
0.584032
0.616452
0.667109
0.624669
0.606287
0.639457
0.621475
0.602197
0.641517
0.503602
0.597031
0.564526
1.21417
1.34967
1.1435
1.33711
1.28284
1.34953
1.35149
1.29975
1.27397
1.32307
1.27273
1.29081
1.23466
1.2742
1.2595
1.14424
1.18958
1.24627
1.30098
1.32822
1.20658
1.18718
1.03883
1.25126
1.26023
1.30873
1.32178
1.2483
1.2444
1.22232
1.30022
1.2346
1.19013
1.24063
1.29913
1.16144
1.0771
1.29503
1.22957
1.26584
1.34456
1.26459
1.21156
1.54898
1.28129
1.34316
1.43022
1.4602
1.37063
1.47167
1.35152
1.36656
1.35337
1.42982
1.38276
1.32538
1.34076
1.37126
1.27268
1.44043
0.648686
0.609694
0.677309
0.721428
0.69623
0.746474
0.73137
0.642631
0.784868
0.673999
0.638597
0.685881
0.716535
0.757961
0.652184
0.679784
0.648375
0.667529
0.66955
0.644058
0.868767
0.883274
0.732291
1.00655
0.872867
0.816837
0.993379
0.877299
0.86361
0.919725
0.941638
0.966963
0.870297
0.885962
0.884283
0.88973
0.87796
0.871801
0.838635
0.948655
1.56092
1.61497
1.65848
1.70582
1.57147
1.80876
1.95889
1.66442
1.86717
1.85926
1.65024
1.65779
1.64268
1.8202
1.71074
1.64699
1.72122
1.68531
1.79476
1.74301
1.67385
1.65836
1.69855
1.86905
1.66687
1.9399
1.70222
1.82253
1.82034
1.83911
1.66286
1.79892
1.839
1.85076
1.85167
1.67354
1.70313
1.71894
1.81483
1.85037
0.768017
0.772204
0.65828
0.876588
0.693714
0.757159
0.885783
0.814093
0.871689
0.819186
0.808374
0.781487
0.716589
0.873368
0.723489
0.749041
0.784787
0.794256
0.778957
0.777529
0.826669
0.72003
0.741599
0.904904
0.756787
0.868572
0.879913
0.835666
0.769357
0.872262
0.860097
0.821332
0.875165
0.828541
0.890953
0.849893
0.844201
0.793248
0.790856
0.873287
1.09912
1.04413
1.02618
1.14763
1.0498
1.09425
1.08082
1.10018
1.15124
1.09447
1.03939
1.14397
1.11097
1.06409
1.17191
1.14918
1.05093
0.990555
1.03803
1.18303
2.10059
1.98498
1.86449
2.08809
1.96323
2.13597
2.18331
2.07302
2.12634
2.17678
2.03257
2.10211
2.01835
2.12762
2.06435
2.08937
2.02545
2.03051
2.10605
2.13668
0.736494
0.682154
0.558766
0.687839
0.659467
0.789593
0.779936
0.712057
0.805803
0.689344
0.70546
0.726608
0.704242
0.665917
0.742016
0.669265
0.653847
0.640538
0.62848
0.662983
2.194
2.22538
2.2211
2.36936
2.30946
2.47528
2.51346
2.28313
2.34083
2.36979
2.39302
2.38522
2.30298
2.35731
2.26679
2.27642
2.31464
2.34254
2.38582
2.43272
1.88814
2.04574
1.90504
2.02815
2.14242
2.20005
2.13826
1.99529
1.98288
2.11395
2.15712
2.09566
2.09375
2.05229
1.97887
1.98114
2.03825
2.06307
2.16677
2.28107
0.738476
0.769376
0.727614
0.776986
0.760364
0.830804
0.841806
0.792386
0.822895
0.772206
0.802861
0.786876
0.79805
0.831886
0.848344
0.721561
0.735957
0.715418
0.804179
0.804125
1.26903
1.25461
1.18311
1.31189
1.16508
1.43255
1.33222
1.19027
1.291
1.29516
1.299
1.37294
1.33408
1.34925
1.3743
1.33935
1.34842
1.21124
1.30829
1.40932
1.53036
1.52095
1.52522
1.77437
1.6503
1.72698
1.70432
1.71872
1.69529
1.72744
1.67122
1.66559
1.55495
1.74862
1.62117
1.62315
1.60652
1.69308
1.62702
1.62786
0.85047
0.887482
0.839006
0.964391
0.936457
0.927797
0.887679
0.823584
0.991657
0.936877
0.842282
0.896376
0.946391
0.926417
0.859696
0.844071
0.868259
0.828914
0.919047
0.876161
1.04574
1.04384
0.927659
1.18423
1.10231
1.04565
1.12445
1.06323
1.06812
1.12337
1.08819
1.08606
1.02959
1.06506
1.01737
0.985587
1.04646
1.09272
1.03393
1.11512
1.69743
1.74755
1.5809
1.94707
1.78806
1.90236
1.87903
1.83368
1.8834
1.90289
1.79171
1.79093
1.76792
1.88091
1.80367
1.75389
1.8252
1.85423
1.78088
1.92701
0.753254
0.791748
0.801095
0.860178
0.787952
0.824477
0.85973
0.79229
0.774619
0.786489
0.814258
0.788648
0.793252
0.809538
0.91718
0.760145
0.802585
0.781588
0.778626
0.813278
1.44898
1.54804
1.50863
1.70276
1.56643
1.6437
1.68623
1.55304
1.73687
1.64714
1.55336
1.6636
1.58675
1.65722
1.59984
1.60113
1.58812
1.5599
1.52967
1.69246
1.70027
1.78024
1.67844
1.96359
1.74517
1.92667
1.85858
1.83749
1.90241
1.97666
1.78705
1.79586
1.86212
1.95906
1.8886
1.80365
1.83456
1.87087
1.8295
1.94545
1.05639
1.14205
0.957361
1.08898
1.09933
1.15456
1.14956
1.1297
1.12854
1.16459
1.05903
1.07868
1.14286
1.11539
1.15424
1.02554
1.01713
1.1425
1.04825
1.15658
1.31073
1.43538
1.25359
1.38386
1.39601
1.34991
1.42087
1.29394
1.48811
1.35979
1.27051
1.36236
1.39719
1.3888
1.31917
1.27545
1.30546
1.29624
1.33336
1.35583
0.683297
0.604394
0.59762
0.741477
0.646828
0.729122
0.713467
0.64475
0.688181
0.719576
0.755972
0.773476
0.700955
0.716997
0.723126
0.74445
0.76274
0.618818
0.631927
0.750835
1.40865
1.33798
1.26499
1.49689
1.29176
1.5403
1.49414
1.44398
1.45818
1.46867
1.4488
1.39761
1.41843
1.39404
1.49144
1.40851
1.41347
1.40995
1.30304
1.50957
0.668763
0.65608
0.605219
0.628788
0.609931
0.670964
0.643514
0.63763
0.682169
0.629698
0.658636
0.685059
0.717297
0.590522
0.680035
0.587473
0.625711
0.644081
0.575016
0.667151
0.919982
0.847569
0.790852
1.00478
0.906136
0.887975
0.963074
0.938022
0.942418
0.9623
0.915078
0.946383
0.918192
0.925813
0.906246
0.90568
0.923236
0.927466
0.850383
0.96612
0.849839
0.844296
0.792467
0.8878
0.897018
0.914695
0.984042
0.818546
0.931446
0.933516
0.95299
0.900048
0.863807
0.905885
0.829348
0.868461
0.908976
0.791409
0.852431
1.01947
1.28114
1.19565
1.08546
1.251
1.19951
1.24321
1.37971
1.24551
1.3085
1.33803
1.24321
1.19639
1.18205
1.25529
1.19901
1.19247
1.20156
1.21655
1.16458
1.19404
1.09499
1.13032
1.05011
1.20731
1.12856
1.24248
1.22494
1.14884
1.21053
1.21807
1.21638
1.24737
1.16648
1.23102
1.1705
1.12654
1.19273
1.13324
1.13133
1.23576
1.13462
1.03864
0.961069
1.3205
0.986281
1.14009
1.20143
1.10682
1.2095
1.12808
1.17678
1.15852
1.15405
1.12214
1.1531
1.14807
1.06322
1.01901
1.07903
1.16547
0.834279
0.870826
0.827565
0.857717
0.855248
1.01979
0.931407
0.765493
0.86734
0.904968
0.888757
0.80072
0.855494
0.87755
0.83872
0.897498
0.856069
0.885994
0.890454
0.918586
1.551
1.57209
1.53512
1.70203
1.59275
1.8343
1.79133
1.67009
1.70157
1.69307
1.74691
1.69118
1.62868
1.71955
1.66046
1.68951
1.64508
1.67538
1.651
1.77795
0.881756
0.896981
0.866563
0.899982
0.87817
1.09563
0.931925
0.883883
0.955625
0.946047
0.936879
0.969546
0.944775
1.00893
0.896559
0.946154
1.00628
0.892578
0.938128
0.99483
2.11143
2.18681
2.27101
2.32691
2.24254
2.49214
2.29057
2.39091
2.37245
2.27121
2.19524
2.38335
2.22789
2.47264
2.34268
2.12492
2.20659
2.34624
2.37829
2.32064
1.27645
1.47198
1.29704
1.38181
1.36687
1.50945
1.46619
1.38758
1.41141
1.50224
1.43001
1.35644
1.42396
1.34971
1.40889
1.25376
1.38245
1.37007
1.4241
1.52257
0.779819
0.770732
0.745984
0.910006
0.803901
0.877418
0.894093
0.757937
0.83372
0.882359
0.822112
0.863019
0.848935
0.883416
0.903791
0.855135
0.835941
0.749301
0.823983
0.866518
1.18235
1.23387
1.12908
1.19973
1.19593
1.30909
1.29152
1.17884
1.28617
1.29164
1.17475
1.14107
1.16621
1.26453
1.14235
1.0929
1.16649
1.16176
1.26815
1.21301
1.58491
1.59672
1.48363
1.74487
1.5903
1.70207
1.7811
1.63821
1.7294
1.69801
1.65272
1.68809
1.66127
1.69676
1.64196
1.49054
1.6008
1.59969
1.52998
1.64407
2.04052
2.10405
1.99238
2.15983
2.05094
2.29093
2.07726
2.0252
2.11036
2.1068
2.08809
2.1621
2.12145
2.27942
2.15506
1.91741
2.04829
2.05218
2.19675
2.20026
1.04037
1.02852
0.868986
1.13489
1.009
1.01598
1.13671
1.01187
1.10681
1.06649
1.05266
1.03281
0.961958
1.02699
0.967919
0.995154
0.94085
0.937875
0.99559
0.990446
1.68064
1.67718
1.60021
1.67992
1.57175
1.85918
1.91625
1.66787
1.89099
1.87095
1.69334
1.6994
1.63044
1.73411
1.66674
1.65662
1.74763
1.59646
1.72408
1.82747
0.825486
0.71294
0.765411
0.923211
0.7575
0.881104
0.884402
0.819521
0.793541
0.917323
0.87034
0.836002
0.889174
0.871871
0.862036
0.902703
0.85101
0.777283
0.777895
0.91115
1.41245
1.47512
1.36663
1.58875
1.3775
1.68016
1.45214
1.41947
1.49465
1.48466
1.44762
1.39344
1.47713
1.56782
1.54981
1.31009
1.41929
1.50452
1.56841
1.57791
0.838199
0.828368
0.856694
0.970051
0.797815
0.984188
1.03727
0.867801
0.935478
0.990145
0.87056
0.868377
0.869605
0.933123
0.884632
0.931087
0.89782
0.836778
0.895012
0.901754
1.39203
1.35273
1.39504
1.64185
1.48373
1.61223
1.59007
1.47886
1.67211
1.59447
1.45179
1.5365
1.54475
1.63188
1.44848
1.4396
1.46932
1.46773
1.45757
1.52334
2.13512
2.21461
2.20316
2.4425
2.24513
2.55537
2.31676
2.36265
2.42346
2.38578
2.28294
2.34266
2.24001
2.53595
2.34423
2.24202
2.32003
2.31987
2.36524
2.32546
1.1809
1.38303
1.30757
1.33666
1.29662
1.43051
1.33292
1.23586
1.38032
1.40959
1.18533
1.31264
1.27895
1.35235
1.29266
1.25738
1.21704
1.25401
1.31789
1.34794
0.76853
0.785486
0.72016
0.88786
0.805728
0.891476
0.882601
0.788927
0.84689
0.953406
0.853764
0.793696
0.853491
0.900695
0.872194
0.803267
0.830571
0.68465
0.837374
0.854654
1.26321
1.22966
1.19977
1.44042
1.32441
1.32097
1.42096
1.20848
1.44868
1.46217
1.16434
1.37211
1.36841
1.41152
1.31047
1.34978
1.31673
1.28281
1.25922
1.3775
0.734335
0.701639
0.729205
0.839847
0.70004
0.797428
0.841067
0.714251
0.738103
0.792467
0.847364
0.806212
0.771743
0.757643
0.765937
0.837773
0.788848
0.688733
0.749378
0.842474
1.22272
1.3035
1.12514
1.15329
1.21246
1.27186
1.25005
1.07658
1.27264
1.23727
1.28227
1.20354
1.29059
1.21289
1.17024
1.22834
1.17498
1.20597
1.31527
1.36471
1.95666
2.0722
2.01909
2.14728
2.08875
2.28335
2.18423
2.13037
2.21146
2.24781
2.1026
2.11318
2.11009
2.28576
2.07812
1.96478
2.06002
2.16854
2.13317
2.15206
1.11593
1.03988
1.07412
1.15491
1.1135
1.11969
1.13315
1.07176
1.15327
1.17856
1.20668
1.15197
1.16592
1.16872
1.13602
1.19052
1.13922
1.06935
1.10777
1.19038
0.956866
1.04628
0.939486
1.04555
1.0692
1.05776
1.03216
0.992107
1.02097
1.05255
1.05108
1.01165
0.963095
0.971002
1.01748
0.935484
0.989819
0.987249
1.10981
1.07358
0.543777
0.482935
0.498277
0.601804
0.556786
0.559226
0.574558
0.475706
0.514637
0.577393
0.616805
0.580526
0.559616
0.573217
0.558224
0.593798
0.584819
0.49235
0.539295
0.572222
1.20994
1.2081
1.172
1.44287
1.22796
1.26259
1.35302
1.22229
1.41428
1.41199
1.22284
1.31096
1.30933
1.36228
1.31625
1.28821
1.34574
1.21047
1.22961
1.28615
1.28337
1.2525
1.18366
1.29213
1.29887
1.49553
1.46224
1.20443
1.35781
1.34598
1.39555
1.30163
1.31681
1.3883
1.23819
1.36022
1.40353
1.31561
1.31153
1.39182
1.54401
1.57262
1.56125
1.75222
1.61594
1.83757
1.71418
1.75262
1.8031
1.76273
1.67237
1.69519
1.64071
1.84134
1.70489
1.61107
1.68698
1.73184
1.76453
1.69581
1.30744
1.27382
1.17168
1.31486
1.29782
1.44373
1.34817
1.16275
1.25396
1.3734
1.31735
1.37111
1.4349
1.28502
1.30866
1.44266
1.3549
1.20997
1.36019
1.46178
0.795851
0.706784
0.760847
0.916868
0.793973
0.879328
0.861471
0.826509
0.831421
0.890196
0.886947
0.878884
0.903198
0.866077
0.887457
0.926316
0.871238
0.785802
0.798082
0.934968
1.01275
0.890572
0.885543
1.04059
0.940895
1.04055
0.999548
1.00545
0.999681
1.01578
1.0382
1.03518
0.995896
1.00999
1.00289
1.04449
0.988796
0.933267
0.945185
1.08443
1.10195
1.12718
1.07802
1.19541
1.12412
1.23228
1.18139
1.20854
1.18498
1.21838
1.20415
1.14674
1.15554
1.1368
1.20659
1.07233
1.13313
1.12798
1.19329
1.18731
1.24737
1.28306
1.28
1.29756
1.27584
1.36381
1.25788
1.30559
1.34639
1.42851
1.27122
1.28148
1.28158
1.40317
1.29338
1.28292
1.23459
1.3397
1.39187
1.3668
1.68301
1.72931
1.71814
1.89385
1.77245
1.99656
1.94122
1.8844
1.9823
1.94281
1.82368
1.85562
1.80887
2.02648
1.79977
1.73387
1.79399
1.90523
1.8104
1.89874
1.9831
1.96404
1.86095
1.98554
1.93238
2.14432
2.04467
2.02246
2.03584
2.10152
2.07297
2.01518
1.97021
2.0968
2.02449
1.89896
1.89841
2.11931
2.11675
2.123
1.35682
1.31562
1.25321
1.48218
1.3332
1.2555
1.32246
1.27533
1.45453
1.44216
1.28266
1.38068
1.37041
1.42199
1.35189
1.31037
1.31521
1.25955
1.27989
1.36482
0.909436
0.962299
0.782648
0.921171
0.894874
0.967968
1.00202
0.89378
1.01214
0.966222
1.04659
0.963195
0.91952
0.877826
0.927267
0.821934
0.915998
0.929678
0.88262
0.983188
1.26924
1.34265
1.23044
1.37126
1.28503
1.37472
1.43656
1.38226
1.33032
1.32904
1.34223
1.25539
1.24215
1.27951
1.34871
1.33807
1.35194
1.31682
1.22161
1.32889
0.991866
1.0368
0.999301
1.11798
1.08234
1.19988
1.13877
1.02576
1.06386
1.17189
1.08784
1.12618
1.05918
1.24168
1.02032
1.09665
1.02062
1.03499
1.08751
1.09967
1.3581
1.51145
1.29257
1.52802
1.38031
1.45115
1.56871
1.49467
1.49927
1.46568
1.42901
1.43179
1.34324
1.45635
1.32088
1.30672
1.33395
1.41632
1.39745
1.46619
1.7155
1.67115
1.60311
1.72711
1.64555
1.86967
1.65236
1.64008
1.67996
1.72395
1.63586
1.73504
1.65375
1.91194
1.7055
1.60082
1.69277
1.75766
1.81628
1.76932
1.16635
1.29614
1.2609
1.31055
1.26531
1.31574
1.38357
1.28613
1.39761
1.38454
1.14874
1.25156
1.18473
1.35411
1.21983
1.16138
1.21179
1.22282
1.30147
1.30828
1.37129
1.46819
1.4233
1.54122
1.39858
1.56929
1.60729
1.43946
1.60013
1.58052
1.34609
1.49762
1.50477
1.5908
1.54086
1.44717
1.36102
1.40932
1.47842
1.53327
1.15661
1.31719
1.17745
1.36036
1.3126
1.40867
1.29375
1.26505
1.28226
1.39166
1.28308
1.2348
1.25581
1.2417
1.31271
1.19339
1.26737
1.21901
1.29642
1.36101
0.7469
0.778042
0.742418
0.746022
0.735884
0.902917
0.895659
0.81071
0.916648
0.841138
0.829183
0.711868
0.689049
0.858302
0.741891
0.729034
0.739355
0.796449
0.803026
0.794894
1.44976
1.36401
1.33963
1.58924
1.40522
1.45939
1.50855
1.45466
1.59713
1.58675
1.38022
1.50636
1.48815
1.5841
1.44142
1.4467
1.45894
1.40361
1.4106
1.41867
1.35047
1.2577
1.21506
1.45845
1.32079
1.40944
1.48549
1.44413
1.47001
1.38787
1.41409
1.42485
1.39115
1.50768
1.43188
1.30452
1.3317
1.39768
1.312
1.45546
1.79599
1.84018
1.73661
1.91675
1.7988
1.96815
1.9705
1.91369
2.01403
2.03742
1.8503
1.89863
1.85748
2.04921
1.85115
1.79676
1.78863
1.9327
1.85934
1.92076
0.941201
0.916731
0.803973
0.923432
0.899052
0.916077
0.944751
0.957239
0.926998
0.922434
0.976881
0.916068
0.956622
0.925737
0.967625
0.848673
0.863529
0.974977
0.853899
0.942722
1.43568
1.4132
1.33742
1.59944
1.39236
1.50444
1.59121
1.54578
1.53161
1.50074
1.4781
1.49756
1.46962
1.53263
1.55123
1.3829
1.43925
1.49159
1.37216
1.54779
1.04116
1.03516
0.993047
1.05029
1.08479
1.24245
1.22767
1.02482
1.13324
1.1268
1.10123
1.0845
1.06514
1.17942
1.0651
1.15561
1.1749
1.11702
1.0509
1.19578
0.645623
0.559506
0.584336
0.679487
0.601965
0.666943
0.683458
0.635813
0.655277
0.684222
0.677658
0.674027
0.636331
0.611164
0.653066
0.679542
0.647393
0.619909
0.597151
0.707685
9.64089
9.17833
9.08215
7.90018
7.01022
8.94222
7.58609
7.298
7.87896
9.46351
9.92697
9.43735
9.35171
8.14101
7.22877
9.22215
7.82373
7.50698
8.14619
9.74847
8.74706
8.29018
8.22528
7.16775
6.35413
8.12182
6.90892
6.63321
7.18703
8.5703
8.44627
8.03436
7.96102
6.89972
6.13366
7.83345
6.64963
6.3871
6.91984
8.30849
9.17441
8.74129
8.65632
7.52353
6.67417
8.54184
7.25558
6.96355
7.53821
9.0069
9.7695
9.29723
9.20459
8.01306
7.12248
9.06174
7.69427
7.3934
8.01742
9.56463
8.52602
8.13572
8.04158
6.98748
6.22776
7.94281
6.72756
6.46803
6.98037
8.39607
10.3542
9.86565
9.76088
8.47506
7.53895
9.6094
8.16953
7.8504
8.49088
10.1514
7.63748
7.27172
7.19921
6.24211
5.56295
7.10216
6.0163
5.7953
6.26057
7.49767
9.00588
8.57924
8.49603
7.35919
6.57121
8.36203
7.14121
6.84682
7.39452
8.80878
9.7149
9.26006
9.16078
7.95887
7.07078
9.02798
7.65021
7.34847
7.96252
9.54675
8.07019
7.67868
7.6118
6.59527
5.88962
7.50114
6.37686
6.1112
6.63167
7.9043
10.3096
9.80836
9.70296
8.43528
7.50262
9.57755
8.11405
7.78475
8.44181
10.1165
9.66586
9.18956
9.10111
7.90746
7.03062
8.98241
7.62995
7.31443
7.92478
9.47656
7.74434
7.36198
7.29078
6.32183
5.63927
7.20369
6.08647
5.86975
6.34939
7.58819
9.37219
8.94804
8.84372
7.69472
6.84232
8.70523
7.41368
7.10013
7.69739
9.19328
9.28259
8.85587
8.77577
7.61435
6.77459
8.60305
7.31689
7.03562
7.61687
9.10603
9.57375
9.11123
9.02404
7.8224
6.96073
8.87232
7.56265
7.24015
7.85474
9.40502
7.99185
7.5924
7.5287
6.55004
5.81196
7.43056
6.29332
6.06658
6.53893
7.83983
8.5077
8.12945
8.02755
6.95436
6.19872
7.88349
6.72403
6.44408
6.96639
8.34816
10.1909
9.67695
9.58692
8.32051
7.40221
9.46282
8.05067
7.71763
8.36151
9.96888
10.2635
9.75091
9.67802
8.41623
7.47261
9.53745
8.10051
7.7629
8.43146
10.0865
8.2491
7.86217
7.76604
6.73041
6.00929
7.64965
6.53528
6.25512
6.77648
8.07318
8.36927
7.96123
7.88695
6.83754
6.07827
7.75957
6.59101
6.32848
6.85911
8.2306
8.96959
8.54923
8.48791
7.36967
6.54505
8.35189
7.10405
6.80918
7.36358
8.84004
10.6509
10.1527
10.0572
8.73157
7.76037
9.90584
8.41928
8.07586
8.74146
10.4629
7.98856
7.62565
7.56041
6.56971
5.83056
7.44266
6.32741
6.07261
6.57601
7.85198
10.9503
10.4278
10.318
8.97445
7.97163
10.171
8.63395
8.29629
8.97141
10.7499
10.6581
10.1624
10.0345
8.74335
7.77194
9.8949
8.39534
8.05832
8.72178
10.4579
8.24781
7.8484
7.77531
6.75919
6.01527
7.6648
6.51291
6.2518
6.77719
8.0838
9.4357
8.98792
8.89393
7.72908
6.88332
8.77738
7.44482
7.13291
7.74094
9.26793
10.0779
9.58893
9.50178
8.23745
7.33319
9.34967
7.94989
7.63141
8.27669
9.8877
8.52163
8.11231
8.02586
6.9947
6.21567
7.93368
6.72942
6.46325
6.97844
8.35681
8.92722
8.51625
8.416
7.31405
6.50683
8.28078
7.04714
6.76106
7.30963
8.76012
10.3278
9.83986
9.73064
8.45333
7.52988
9.58373
8.16155
7.80854
8.46808
10.1382
8.3024
7.89379
7.82315
6.79493
6.04302
7.70985
6.55557
6.29085
6.81238
8.1603
9.998
9.51405
9.41732
8.18313
7.28196
9.28515
7.89815
7.56716
8.19307
9.80899
10.3782
9.87038
9.76547
8.48736
7.55747
9.63115
8.19507
7.83787
8.51063
10.1848
9.00396
8.58371
8.48833
7.39329
6.56451
8.36035
7.1141
6.80116
7.38187
8.84249
9.52678
9.08734
8.97937
7.83007
6.95489
8.86997
7.5422
7.22766
7.7998
9.34998
8.01531
7.63308
7.55287
6.55049
5.84026
7.45267
6.3125
6.05996
6.57669
7.87207
9.66339
9.20105
9.11053
7.91576
7.03692
8.97141
7.63216
7.31031
7.93411
9.50362
7.85901
7.48272
7.40679
6.47419
5.72595
7.31567
6.20049
5.95215
6.44284
7.73768
8.57705
8.17358
8.09063
7.02268
6.24322
7.9594
6.77362
6.49417
7.02399
8.43024
8.50913
8.11481
8.00599
6.97033
6.21223
7.91014
6.70602
6.44245
6.96233
8.3307
9.28207
8.84952
8.75559
7.60211
6.7553
8.63248
7.33838
7.04451
7.61926
9.10354
9.17812
8.73831
8.6387
7.50961
6.68913
8.5245
7.23625
6.93458
7.53368
8.99391
9.05569
8.6309
8.5486
7.40521
6.59894
8.39748
7.1605
6.87635
7.43456
8.89135
8.46839
8.07349
7.96881
6.94566
6.17621
7.87268
6.66782
6.40891
6.92676
8.31162
10.1161
9.63417
9.53117
8.27792
7.36816
9.38454
7.97479
7.65338
8.2975
9.9262
8.62899
8.21721
8.11753
7.07394
6.29665
8.03497
6.79963
6.51489
7.08033
8.47057
10.9084
10.3695
10.2869
8.94551
7.94359
10.1378
8.60908
8.26154
8.95941
10.7135
9.63283
9.17588
9.0556
7.903
7.02389
8.94679
7.60868
7.2754
7.90232
9.44231
8.38249
7.97716
7.90221
6.84582
6.10343
7.78648
6.6106
6.34295
6.8724
8.21905
9.23723
8.80087
8.6994
7.57959
6.73819
8.59824
7.30165
7.00437
7.58226
9.04611
10.0564
9.5711
9.46861
8.23674
7.31936
9.33837
7.93416
7.61285
8.2499
9.859
10.7061
10.1897
10.0862
8.7859
7.81294
9.95744
8.44206
8.10208
8.78596
10.5062
8.80321
8.4138
8.31941
7.21346
6.42521
8.18338
6.9736
6.69982
7.23177
8.62979
10.1743
9.68764
9.58662
8.33657
7.41244
9.47237
8.05034
7.71309
8.35818
9.96923
8.40206
7.98894
7.90809
6.85683
6.1004
7.79131
6.60673
6.34713
6.87981
8.25485
9.78312
9.30306
9.20743
8.02195
7.14384
9.08075
7.71845
7.39382
8.0291
9.59803
8.5445
8.12611
8.04712
6.97044
6.20154
7.93247
6.74947
6.47595
7.01143
8.37373
9.84755
9.35352
9.26764
8.05268
7.1595
9.13856
7.75672
7.45195
8.06758
9.64569
10.9422
10.4076
10.3097
8.9593
7.97245
10.1704
8.6395
8.28271
8.98956
10.7426
9.44092
8.98882
8.89777
7.75008
6.88328
8.78973
7.46424
7.14693
7.74819
9.26022
8.37832
7.97165
7.87922
6.83626
6.10578
7.78825
6.61023
6.33356
6.88474
8.19375
9.49272
9.02987
8.94838
7.76526
6.9013
8.82288
7.49416
7.18318
7.75636
9.30913
8.21652
7.82802
7.73822
6.71253
5.97786
7.62495
6.47186
6.22494
6.7305
8.06649
9.27925
8.86108
8.73291
7.63385
6.78776
8.63371
7.31701
7.02728
7.58068
9.09959
10.7331
10.2063
10.0987
8.79211
7.81383
9.97024
8.46175
8.11645
8.80508
10.5227
9.08986
8.64858
8.55655
7.43885
6.62106
8.44987
7.15458
6.88279
7.44424
8.92164
8.80906
8.40478
8.31259
7.23298
6.43765
8.19007
6.96612
6.68192
7.23132
8.64184
7.62865
7.26622
7.18361
6.2343
5.55618
7.09032
5.99763
5.77758
6.24457
7.48635
9.42515
8.95697
8.86887
7.69129
6.85334
8.75852
7.4529
7.133
7.72748
9.23803
9.49941
9.0571
8.93196
7.77615
6.92532
8.82815
7.4757
7.18413
7.76806
9.31121
10.1564
9.65031
9.56525
8.3026
7.39409
9.42688
8.01755
7.68089
8.34838
9.95499
9.47297
9.04785
8.93486
7.77543
6.91098
8.81478
7.46267
7.1635
7.74025
9.31509
8.42165
8.00713
7.93144
6.87577
6.12245
7.809
6.62464
6.36142
6.8958
8.27584
8.7593
8.34817
8.27065
7.17838
6.38677
8.14047
6.90741
6.63434
7.18808
8.61624
9.14407
8.70081
8.61829
7.49337
6.66161
8.49295
7.22368
6.92495
7.51992
8.97372
9.46052
8.99472
8.9116
7.75366
6.89375
8.79579
7.46217
7.15501
7.76646
9.27854
10.3852
9.8686
9.77086
8.49468
7.55585
9.63566
8.18538
7.84873
8.52115
10.1743
10.5976
10.0885
9.98993
8.69173
7.72429
9.8428
8.35477
8.02067
8.69764
10.3971
9.51651
9.05571
8.96835
7.79796
6.93747
8.85887
7.5216
7.21416
7.80002
9.34012
8.60154
8.20264
8.09356
7.05916
6.28081
7.99099
6.78968
6.50959
7.06238
8.42153
9.46177
9.02859
8.92296
7.75139
6.89511
8.79344
7.4989
7.17429
7.76998
9.31422
8.98433
8.55785
8.45851
7.34143
6.54367
8.34354
7.06221
6.78764
7.36807
8.79023
9.66513
9.22814
9.1114
7.92545
7.04975
8.97102
7.65552
7.32984
7.93565
9.47683
10.1637
9.6743
9.5826
8.33884
7.41825
9.45666
8.01268
7.68747
8.34077
9.97843
9.37832
8.92234
8.83931
7.68521
6.82955
8.724
7.42833
7.11196
7.70065
9.18408
9.79239
9.31157
9.2334
8.01819
7.12484
9.09852
7.73915
7.41512
8.03292
9.59753
9.39698
8.95648
8.85071
7.70422
6.85962
8.73305
7.42943
7.10507
7.71765
9.22231
8.2632
7.8615
7.77656
6.76517
6.02581
7.68154
6.5296
6.2681
6.80028
8.07823
9.75441
9.27565
9.19368
7.97809
7.09333
9.07169
7.70687
7.39096
8.00439
9.56878
9.61731
9.14537
9.06407
7.86566
7.00168
8.91379
7.58127
7.27603
7.8887
9.42946
10.4324
9.92465
9.82452
8.54158
7.59422
9.68933
8.23247
7.89091
8.56307
10.2246
8.57976
8.17405
8.08405
7.04235
6.25308
7.9621
6.76469
6.49025
7.03512
8.431
9.78379
9.3089
9.22143
8.00759
7.12059
9.07289
7.72824
7.40381
8.02881
9.60734
9.02713
8.60273
8.49462
7.38732
6.57896
8.39007
7.11177
6.81896
7.38257
8.85611
7.8711
7.49459
7.42834
6.44687
5.72596
7.31116
6.20599
5.96434
6.45292
7.73959

Info: (I702) default timescale unit used for tracing: 1 ps (ARTIFICIAL NEURAL NETWORK.vcd)
0.999935
1.35961
1.28393
1.31032
1.4382
1.31622
1.47291
1.54203
1.33555
1.47015
1.42384
1.42829
1.46493
1.44339
1.40192
1.34305
1.44267
1.35127
1.39961
1.31132
1.54671
1.49616
1.51032
1.53192
1.64447
1.46285
1.64944
1.51822
1.57589
1.58839
1.60504
1.50778
1.62688
1.59757
1.68036
1.54673
1.49145
1.46851
1.54269
1.55075
1.64683
0.868686
0.924765
1.05551
0.910966
0.891384
1.08519
1.06864
1.04113
1.11231
0.980127
0.976226
0.924873
0.939067
0.988902
0.966078
0.889667
0.958012
1.01229
1.05049
1.01092
0.858815
0.737526
0.781907
0.935794
0.801131
0.882962
0.897842
0.867179
0.794406
0.921348
0.887728
0.850232
0.900024
0.862939
0.911918
0.904745
0.872753
0.816776
0.815121
0.914816
1.27219
1.12621
1.03812
1.20952
1.11676
1.19831
1.31125
1.21988
1.24387
1.24776
1.18283
1.20936
1.19806
1.18545
1.18118
1.08231
1.20794
1.09647
1.10644
1.14695
1.39769
1.46184
1.36074
1.49552
1.47809
1.53466
1.57615
1.50023
1.52893
1.4905
1.52603
1.51903
1.43219
1.55888
1.48776
1.27534
1.32399
1.50062
1.43035
1.55206
0.923466
0.848532
0.828018
0.949762
0.922476
0.920383
0.908087
0.799267
0.886589
0.882705
0.959657
0.901111
0.867114
0.884392
0.926686
0.987367
0.983401
0.846815
0.836024
0.931831
1.73949
1.73332
1.70333
1.87422
1.75121
1.96844
2.05417
1.8383
1.94154
1.87535
1.88752
1.84532
1.71466
1.91812
1.7114
1.84144
1.75999
1.85279
1.81968
1.90656
0.55568
0.470799
0.490737
0.629925
0.561814
0.552608
0.600477
0.493627
0.566862
0.555243
0.628648
0.614536
0.544413
0.554424
0.580643
0.573786
0.61926
0.486801
0.506499
0.558626
1.02482
1.08049
0.999522
1.22816
1.0691
1.11687
1.22091
1.08266
1.22232
1.12132
1.03348
1.05328
1.00568
1.22211
1.0571
1.02656
1.04296
1.02658
1.20267
1.09286
1.39787
1.35873
1.31429
1.43979
1.43218
1.55911
1.52492
1.40117
1.4146
1.48538
1.50223
1.52546
1.45241
1.43544
1.45098
1.49692
1.47066
1.43879
1.36831
1.4786
0.679301
0.695422
0.623887
0.778754
0.757523
0.735988
0.743656
0.692007
0.719518
0.811237
0.690305
0.637863
0.679561
0.790933
0.818621
0.660339
0.657893
0.653282
0.732925
0.720809
1.67359
1.68962
1.68398
1.74818
1.71306
1.9698
1.89054
1.66248
1.74433
1.80459
1.79301
1.88795
1.79708
1.9086
1.82079
1.81004
1.90036
1.8403
1.80976
1.88385
1.38081
1.38501
1.33267
1.49816
1.30639
1.43371
1.53515
1.35528
1.51585
1.5194
1.34565
1.42255
1.4463
1.53052
1.47705
1.39234
1.33805
1.34486
1.2932
1.45892
0.569075
0.48511
0.536055
0.628279
0.641556
0.578024
0.596817
0.53395
0.584028
0.61645
0.667106
0.624667
0.606285
0.639454
0.621471
0.602195
0.641514
0.5036
0.597027
0.564524
1.21416
1.34967
1.14349
1.3371
1.28284
1.34953
1.35149
1.29974
1.27397
1.32307
1.27273
1.29081
1.23466
1.27419
1.2595
1.14424
1.18957
1.24626
1.30097
1.32821
1.20657
1.18718
1.03883
1.25126
1.26023
1.30873
1.32178
1.2483
1.24439
1.22231
1.30022
1.2346
1.19013
1.24062
1.29912
1.16144
1.0771
1.29503
1.22956
1.26584
1.34455
1.26458
1.21155
1.54897
1.28129
1.34316
1.43022
1.46019
1.37062
1.47166
1.35151
1.36656
1.35336
1.42981
1.38276
1.32538
1.34075
1.37126
1.27267
1.44042
0.648684
0.609691
0.677306
0.721425
0.696228
0.746471
0.731368
0.642629
0.784865
0.673997
0.638595
0.68588
0.716533
0.757958
0.652181
0.679782
0.648373
0.667528
0.669547
0.644056
0.868763
0.883269
0.732286
1.00654
0.872862
0.816833
0.993375
0.877295
0.863604
0.919722
0.941633
0.966961
0.870294
0.885957
0.884278
0.889727
0.877956
0.871799
0.838629
0.948651
1.56092
1.61496
1.65848
1.70582
1.57147
1.80875
1.95889
1.66442
1.86716
1.85925
1.65023
1.65779
1.64268
1.8202
1.71073
1.64699
1.72121
1.68531
1.79475
1.743
1.67384
1.65835
1.69854
1.86904
1.66686
1.93989
1.70222
1.82252
1.82033
1.83911
1.66286
1.79892
1.83899
1.85075
1.85166
1.67354
1.70312
1.71893
1.81482
1.85036
0.768014
0.7722
0.658276
0.876585
0.693709
0.757156
0.88578
0.814089
0.871685
0.819183
0.808371
0.781485
0.716587
0.873365
0.723485
0.749038
0.784783
0.794254
0.778953
0.777526
0.826666
0.720026
0.741595
0.904899
0.756783
0.868568
0.879909
0.835662
0.769352
0.872259
0.860093
0.82133
0.875162
0.828537
0.890949
0.84989
0.844198
0.793246
0.790851
0.873283
1.09912
1.04412
1.02618
1.14763
1.04979
1.09424
1.08081
1.10017
1.15124
1.09447
1.03938
1.14397
1.11097
1.06409
1.17191
1.14917
1.05093
0.990553
1.03803
1.18302
2.10058
1.98497
1.86448
2.08808
1.96322
2.13597
2.18331
2.07302
2.12633
2.17678
2.03257
2.1021
2.01834
2.12761
2.06434
2.08937
2.02545
2.03051
2.10604
2.13667
0.736492
0.682151
0.558763
0.687836
0.659464
0.789591
0.779934
0.712054
0.805799
0.689342
0.705457
0.726607
0.704239
0.665914
0.742012
0.669263
0.653844
0.640536
0.628476
0.662981
2.19399
2.22537
2.22109
2.36935
2.30945
2.47527
2.51346
2.28312
2.34082
2.36979
2.39302
2.38522
2.30298
2.3573
2.26678
2.27641
2.31463
2.34254
2.38581
2.43271
1.88813
2.04573
1.90504
2.02814
2.14242
2.20005
2.13825
1.99529
1.98287
2.11395
2.15712
2.09565
2.09375
2.05228
1.97886
1.98114
2.03825
2.06307
2.16676
2.28107
0.738472
0.769372
0.72761
0.776982
0.76036
0.830801
0.841803
0.792382
0.822891
0.772204
0.802857
0.786874
0.798047
0.831882
0.848341
0.721558
0.735954
0.715416
0.804175
0.804122
1.26903
1.25461
1.1831
1.31188
1.16508
1.43255
1.33221
1.19027
1.29099
1.29516
1.299
1.37294
1.33407
1.34924
1.3743
1.33935
1.34841
1.21123
1.30828
1.40931
1.53036
1.52095
1.52522
1.77436
1.65029
1.72698
1.70432
1.71872
1.69529
1.72744
1.67122
1.66559
1.55494
1.74861
1.62117
1.62315
1.60652
1.69308
1.62701
1.62785
0.850468
0.887479
0.839003
0.964388
0.936453
0.927795
0.887676
0.823582
0.991653
0.936876
0.842279
0.896375
0.946389
0.926414
0.859693
0.844069
0.868256
0.828913
0.919044
0.876158
1.04573
1.04384
0.927654
1.18423
1.10231
1.04564
1.12444
1.06323
1.06812
1.12337
1.08819
1.08605
1.02959
1.06505
1.01736
0.985584
1.04645
1.09272
1.03393
1.11511
1.69742
1.74754
1.58089
1.94706
1.78805
1.90236
1.87902
1.83368
1.88339
1.90288
1.79171
1.79093
1.76791
1.8809
1.80366
1.75389
1.82519
1.85423
1.78087
1.92701
0.753251
0.791744
0.801092
0.860175
0.787948
0.824475
0.859727
0.792287
0.774614
0.786487
0.814255
0.788646
0.79325
0.809535
0.917177
0.760143
0.802583
0.781587
0.778622
0.813276
1.44898
1.54803
1.50862
1.70276
1.56643
1.6437
1.68622
1.55303
1.73686
1.64714
1.55336
1.6636
1.58674
1.65721
1.59983
1.60112
1.58811
1.5599
1.52966
1.69245
1.70026
1.78024
1.67843
1.96358
1.74516
1.92667
1.85858
1.83748
1.9024
1.97665
1.78704
1.79586
1.86211
1.95906
1.8886
1.80364
1.83455
1.87087
1.8295
1.94545
1.05638
1.14205
0.957358
1.08897
1.09932
1.15455
1.14956
1.1297
1.12853
1.16459
1.05902
1.07868
1.14286
1.11539
1.15423
1.02554
1.01713
1.14249
1.04825
1.15658
1.31073
1.43538
1.25358
1.38386
1.39601
1.3499
1.42086
1.29394
1.4881
1.35979
1.2705
1.36236
1.39719
1.3888
1.31916
1.27544
1.30546
1.29624
1.33335
1.35583
0.683293
0.60439
0.597617
0.741473
0.646823
0.729119
0.713464
0.644746
0.688176
0.719574
0.755968
0.773474
0.700953
0.716993
0.723122
0.744448
0.762737
0.618817
0.631923
0.750832
1.40864
1.33798
1.26498
1.49688
1.29176
1.54029
1.49413
1.44397
1.45817
1.46867
1.44879
1.3976
1.41843
1.39403
1.49143
1.40851
1.41346
1.40995
1.30304
1.50956
0.668761
0.656077
0.605217
0.628785
0.609928
0.670962
0.643512
0.637627
0.682165
0.629697
0.658633
0.685057
0.717296
0.590519
0.680032
0.587471
0.625708
0.644079
0.575013
0.667149
0.919978
0.847565
0.790847
1.00477
0.906131
0.887971
0.96307
0.938018
0.942413
0.962297
0.915074
0.94638
0.918189
0.925808
0.906241
0.905677
0.923232
0.927464
0.850377
0.966116
0.849836
0.844293
0.792464
0.887797
0.897014
0.914693
0.98404
0.818543
0.931442
0.933514
0.952986
0.900047
0.863805
0.905881
0.829344
0.868459
0.908973
0.791407
0.852427
1.01947
1.28113
1.19565
1.08546
1.25099
1.1995
1.24321
1.3797
1.2455
1.3085
1.33802
1.2432
1.19638
1.18205
1.25529
1.199
1.19247
1.20156
1.21654
1.16457
1.19404
1.09498
1.13032
1.0501
1.20731
1.12855
1.24247
1.22494
1.14883
1.21053
1.21807
1.21637
1.24737
1.16648
1.23102
1.17049
1.12653
1.19272
1.13324
1.13133
1.23576
1.13461
1.03863
0.961065
1.3205
0.986276
1.14008
1.20142
1.10682
1.20949
1.12808
1.17677
1.15852
1.15405
1.12214
1.15309
1.14807
1.06322
1.01901
1.07903
1.16546
0.834276
0.870823
0.827562
0.857713
0.855245
1.01978
0.931405
0.76549
0.867335
0.904966
0.888753
0.800719
0.855492
0.877546
0.838716
0.897496
0.856065
0.885993
0.89045
0.918583
1.551
1.57209
1.53512
1.70202
1.59274
1.83429
1.79133
1.67008
1.70156
1.69306
1.7469
1.69117
1.62867
1.71955
1.66045
1.6895
1.64507
1.67538
1.65099
1.77794
0.881753
0.896978
0.86656
0.899979
0.878167
1.09563
0.931923
0.883879
0.955621
0.946045
0.936876
0.969545
0.944772
1.00893
0.896556
0.946152
1.00628
0.892576
0.938124
0.994827
2.11143
2.18681
2.271
2.3269
2.24253
2.49213
2.29057
2.39091
2.37244
2.2712
2.19523
2.38335
2.22789
2.47264
2.34267
2.12492
2.20659
2.34623
2.37828
2.32064
1.27645
1.47197
1.29703
1.38181
1.36686
1.50945
1.46618
1.38758
1.41141
1.50223
1.43
1.35644
1.42396
1.3497
1.40889
1.25375
1.38245
1.37007
1.4241
1.52257
0.779815
0.770728
0.74598
0.910002
0.803896
0.877414
0.89409
0.757933
0.833715
0.882356
0.822108
0.863017
0.848932
0.883412
0.903787
0.855132
0.835937
0.749299
0.823978
0.866515
1.18235
1.23387
1.12908
1.19972
1.19593
1.30909
1.29152
1.17883
1.28616
1.29164
1.17475
1.14106
1.16621
1.26452
1.14235
1.09289
1.16648
1.16176
1.26815
1.21301
1.58491
1.59672
1.48362
1.74487
1.59029
1.70207
1.7811
1.6382
1.7294
1.698
1.65271
1.68809
1.66126
1.69675
1.64196
1.49054
1.6008
1.59969
1.52997
1.64407
2.04051
2.10404
1.99238
2.15983
2.05094
2.29092
2.07725
2.0252
2.11035
2.10679
2.08808
2.1621
2.12144
2.27941
2.15505
1.9174
2.04829
2.05217
2.19674
2.20026
1.04037
1.02851
0.868982
1.13489
1.00899
1.01598
1.13671
1.01186
1.10681
1.06649
1.05265
1.03281
0.961955
1.02698
0.967915
0.995151
0.940846
0.937873
0.995584
0.990443
1.68063
1.67718
1.60021
1.67991
1.57175
1.85917
1.91625
1.66786
1.89098
1.87094
1.69334
1.6994
1.63044
1.7341
1.66674
1.65662
1.74763
1.59645
1.72407
1.82746
0.825483
0.712936
0.765407
0.923207
0.757495
0.881101
0.884399
0.819517
0.793536
0.917321
0.870337
0.836
0.889171
0.871867
0.862032
0.9027
0.851007
0.777282
0.77789
0.911146
1.41245
1.47512
1.36663
1.58874
1.37749
1.68016
1.45214
1.41947
1.49464
1.48465
1.44761
1.39343
1.47713
1.56782
1.54981
1.31009
1.41928
1.50452
1.56841
1.57791
0.838195
0.828364
0.85669
0.970047
0.79781
0.984184
1.03726
0.867797
0.935473
0.990143
0.870556
0.868375
0.869602
0.933119
0.884628
0.931084
0.897816
0.836777
0.895008
0.901751
1.39202
1.35272
1.39503
1.64185
1.48373
1.61222
1.59007
1.47886
1.6721
1.59447
1.45178
1.5365
1.54475
1.63187
1.44847
1.4396
1.46931
1.46773
1.45756
1.52334
2.13511
2.2146
2.20316
2.4425
2.24513
2.55537
2.31676
2.36265
2.42345
2.38578
2.28294
2.34266
2.24001
2.53595
2.34422
2.24202
2.32002
2.31987
2.36523
2.32545
1.18089
1.38303
1.30756
1.33666
1.29662
1.43051
1.33292
1.23586
1.38032
1.40959
1.18533
1.31264
1.27895
1.35234
1.29265
1.25738
1.21704
1.25401
1.31788
1.34794
0.768527
0.785483
0.720156
0.887857
0.805724
0.891473
0.882599
0.788924
0.846886
0.953404
0.853761
0.793695
0.853489
0.900692
0.87219
0.803265
0.830568
0.684648
0.83737
0.854651
1.2632
1.22966
1.19977
1.44041
1.3244
1.32097
1.42095
1.20848
1.44867
1.46216
1.16434
1.37211
1.36841
1.41151
1.31047
1.34977
1.31673
1.28281
1.25921
1.37749
0.734332
0.701635
0.729201
0.839843
0.700036
0.797425
0.841064
0.714247
0.738098
0.792465
0.84736
0.80621
0.77174
0.757639
0.765933
0.837771
0.788844
0.688731
0.749373
0.842471
1.22272
1.3035
1.12514
1.15328
1.21246
1.27186
1.25005
1.07658
1.27264
1.23727
1.28226
1.20354
1.29059
1.21289
1.17024
1.22834
1.17498
1.20597
1.31527
1.36471
1.95665
2.0722
2.01908
2.14727
2.08874
2.28335
2.18423
2.13036
2.21145
2.24781
2.1026
2.11318
2.11009
2.28575
2.07812
1.96478
2.06001
2.16854
2.13317
2.15205
1.11592
1.03988
1.07412
1.15491
1.11349
1.11969
1.13315
1.07176
1.15327
1.17855
1.20667
1.15197
1.16592
1.16872
1.13602
1.19052
1.13922
1.06935
1.10776
1.19038
0.956862
1.04627
0.939482
1.04554
1.0692
1.05776
1.03216
0.992104
1.02096
1.05255
1.05108
1.01165
0.963092
0.970997
1.01747
0.935481
0.989815
0.987247
1.1098
1.07358
0.543774
0.482932
0.498274
0.601801
0.556783
0.559223
0.574555
0.475703
0.514633
0.577391
0.616802
0.580525
0.559614
0.573214
0.558221
0.593796
0.584817
0.492349
0.539291
0.572219
1.20993
1.2081
1.172
1.44287
1.22795
1.26258
1.35302
1.22228
1.41427
1.41199
1.22283
1.31095
1.30933
1.36227
1.31625
1.2882
1.34573
1.21047
1.22961
1.28614
1.28337
1.25249
1.18365
1.29212
1.29886
1.49553
1.46224
1.20443
1.3578
1.34598
1.39554
1.30163
1.31681
1.38829
1.23819
1.36022
1.40352
1.31561
1.31152
1.39182
1.54401
1.57262
1.56125
1.75221
1.61593
1.83756
1.71418
1.75262
1.80309
1.76272
1.67237
1.69519
1.6407
1.84133
1.70488
1.61106
1.68697
1.73183
1.76452
1.69581
1.30743
1.27382
1.17168
1.31486
1.29781
1.44373
1.34816
1.16275
1.25395
1.3734
1.31734
1.37111
1.4349
1.28501
1.30866
1.44266
1.3549
1.20997
1.36019
1.46178
0.795847
0.706779
0.760843
0.916864
0.793969
0.879324
0.861468
0.826505
0.831416
0.890194
0.886943
0.878882
0.903195
0.866072
0.887453
0.926314
0.871235
0.785801
0.798077
0.934965
1.01275
0.890567
0.885538
1.04059
0.940889
1.04055
0.999543
1.00545
0.999674
1.01578
1.0382
1.03518
0.995893
1.00998
1.00288
1.04448
0.988792
0.933264
0.945179
1.08443
1.10195
1.12718
1.07802
1.19541
1.12412
1.23228
1.18138
1.20854
1.18497
1.21838
1.20415
1.14673
1.15554
1.1368
1.20659
1.07233
1.13312
1.12798
1.19329
1.18731
1.24736
1.28306
1.28
1.29755
1.27583
1.36381
1.25787
1.30559
1.34638
1.42851
1.27121
1.28148
1.28157
1.40317
1.29337
1.28291
1.23458
1.3397
1.39186
1.3668
1.683
1.7293
1.71814
1.89385
1.77244
1.99656
1.94121
1.8844
1.98229
1.94281
1.82368
1.85561
1.80887
2.02648
1.79976
1.73387
1.79398
1.90522
1.81039
1.89873
1.9831
1.96404
1.86094
1.98553
1.93237
2.14431
2.04466
2.02246
2.03584
2.10152
2.07297
2.01518
1.9702
2.09679
2.02449
1.89896
1.8984
2.11931
2.11674
2.123
1.35681
1.31561
1.25321
1.48217
1.3332
1.2555
1.32245
1.27533
1.45453
1.44215
1.28266
1.38067
1.3704
1.42198
1.35188
1.31037
1.31521
1.25955
1.27988
1.36482
0.909434
0.962297
0.782645
0.921167
0.894871
0.967966
1.00202
0.893777
1.01213
0.96622
1.04659
0.963194
0.919518
0.877823
0.927264
0.821932
0.915996
0.929676
0.882616
0.983185
1.26923
1.34265
1.23043
1.37126
1.28502
1.37472
1.43655
1.38226
1.33031
1.32903
1.34223
1.25539
1.24214
1.27951
1.34871
1.33807
1.35193
1.31682
1.2216
1.32889
0.991864
1.03679
0.999298
1.11798
1.08234
1.19987
1.13877
1.02576
1.06386
1.17189
1.08783
1.12618
1.05918
1.24168
1.02032
1.09664
1.02062
1.03499
1.08751
1.09967
1.3581
1.51144
1.29256
1.52801
1.3803
1.45115
1.5687
1.49467
1.49927
1.46567
1.429
1.43178
1.34323
1.45635
1.32088
1.30672
1.33395
1.41632
1.39744
1.46618
1.71549
1.67115
1.6031
1.7271
1.64554
1.86966
1.65235
1.64007
1.67995
1.72394
1.63586
1.73503
1.65375
1.91194
1.70549
1.60082
1.69277
1.75766
1.81627
1.76932
1.16635
1.29613
1.26089
1.31055
1.26531
1.31574
1.38356
1.28613
1.39761
1.38454
1.14874
1.25156
1.18473
1.35411
1.21983
1.16138
1.21179
1.22282
1.30146
1.30828
1.37129
1.46818
1.4233
1.54122
1.39858
1.56929
1.60729
1.43945
1.60013
1.58052
1.34609
1.49762
1.50477
1.59079
1.54086
1.44717
1.36102
1.40932
1.47841
1.53326
1.1566
1.31719
1.17745
1.36036
1.3126
1.40866
1.29374
1.26504
1.28225
1.39165
1.28308
1.2348
1.25581
1.2417
1.31271
1.19339
1.26736
1.21901
1.29641
1.361
0.746897
0.77804
0.742415
0.746019
0.735882
0.902915
0.895657
0.810707
0.916645
0.841137
0.82918
0.711867
0.689048
0.858299
0.741889
0.729033
0.739353
0.796448
0.803023
0.794892
1.44976
1.36401
1.33963
1.58924
1.40521
1.45938
1.50855
1.45465
1.59712
1.58675
1.38021
1.50636
1.48814
1.5841
1.44142
1.4467
1.45894
1.4036
1.41059
1.41866
1.35047
1.2577
1.21506
1.45845
1.32078
1.40943
1.48548
1.44412
1.47
1.38786
1.41409
1.42484
1.39115
1.50767
1.43187
1.30452
1.33169
1.39768
1.312
1.45545
1.79598
1.84017
1.73661
1.91674
1.79879
1.96814
1.97049
1.91369
2.01402
2.03742
1.85029
1.89862
1.85748
2.04921
1.85115
1.79675
1.78862
1.9327
1.85933
1.92076
0.941197
0.916727
0.803969
0.923428
0.899048
0.916074
0.944747
0.957235
0.926993
0.922431
0.976877
0.916066
0.956619
0.925733
0.967621
0.84867
0.863525
0.974976
0.853894
0.942719
1.43568
1.4132
1.33741
1.59943
1.39235
1.50443
1.59121
1.54578
1.5316
1.50073
1.47809
1.49756
1.46961
1.53262
1.55122
1.3829
1.43925
1.49159
1.37215
1.54778
1.04115
1.03515
0.993043
1.05028
1.08478
1.24245
1.22767
1.02481
1.13324
1.1268
1.10123
1.08449
1.06514
1.17942
1.0651
1.15561
1.1749
1.11701
1.05089
1.19577
0.64562
0.559502
0.584333
0.679484
0.601961
0.66694
0.683455
0.63581
0.655272
0.68422
0.677655
0.674025
0.636329
0.61116
0.653062
0.67954
0.64739
0.619907
0.597146
0.707682
9.64017
9.1775
9.08094
7.89683
7.00308
8.94093
7.58178
7.29247
7.87552
9.46273
9.92623
9.4365
9.35047
8.13756
7.22142
9.22081
7.81929
7.50128
8.14265
9.74767
8.74641
8.28942
8.22418
7.16471
6.34766
8.12065
6.90502
6.6282
7.18391
8.5696
8.44564
8.03364
7.95997
6.89678
6.12741
7.83232
6.64586
6.38225
6.91683
8.30781
9.17372
8.7405
8.65517
7.52033
6.66737
8.5406
7.25147
6.95827
7.53494
9.00616
9.76877
9.29639
9.20337
8.00966
7.11525
9.06043
7.68991
7.38779
8.01394
9.56384
8.52538
8.13499
8.04051
6.98451
6.22144
7.94166
6.72375
6.46312
6.97733
8.39538
10.3534
9.86476
9.75958
8.47145
7.53129
9.60801
8.16489
7.84446
8.48718
10.1505
7.6369
7.27106
7.19825
6.23945
5.5573
7.10113
6.01289
5.79092
6.25785
7.49705
9.00521
8.57846
8.4949
7.35606
6.56455
8.36083
7.13718
6.84165
7.39131
8.80806
9.71417
9.25922
9.15956
7.95549
7.06358
9.02668
7.64586
7.34289
7.95905
9.54597
8.06959
7.67798
7.61079
6.59247
5.88365
7.50006
6.37326
6.10657
6.6288
7.90365
10.3088
9.80747
9.70166
8.4317
7.49499
9.57617
8.10944
7.77883
8.43813
10.1157
9.66514
9.18873
9.0999
7.9041
7.02347
8.98111
7.62563
7.30888
7.92134
9.47578
7.74376
7.36131
7.28981
6.31914
5.63355
7.20266
6.08301
5.86531
6.34663
7.58757
9.37149
8.94724
8.84254
7.69145
6.83537
8.70397
7.40948
7.09474
7.69404
9.19252
9.2819
8.85507
8.77461
7.61112
6.76772
8.6018
7.31273
7.03029
7.61356
9.10528
9.57303
9.11041
9.02284
7.81907
6.95364
8.87103
7.55836
7.23466
7.85132
9.40425
7.99126
7.59172
7.5277
6.54726
5.80605
7.42948
6.28975
6.062
6.53608
7.83919
8.50706
8.12871
8.02649
6.9514
6.19241
7.88235
6.72022
6.43919
6.96335
8.34747
10.1902
9.67608
9.58564
8.31697
7.39467
9.46145
8.04612
7.71179
8.35788
9.96806
10.2628
9.75003
9.67673
8.41266
7.46501
9.53607
8.09591
7.757
8.4278
10.0857
8.24849
7.86146
7.765
6.72754
6.00318
7.64854
6.53159
6.25038
6.77354
8.07251
8.36865
7.96052
7.8859
6.83463
6.07207
7.75845
6.58727
6.32368
6.85613
8.22993
8.96891
8.54845
8.48678
7.36654
6.53839
8.35069
7.10003
6.80402
7.36038
8.83932
10.6501
10.1518
10.0559
8.72786
7.75247
9.90441
8.41451
8.06974
8.73766
10.4621
7.98796
7.62497
7.5594
6.56692
5.82463
7.44159
6.32383
6.06801
6.57316
7.85134
10.9495
10.4269
10.3166
8.97065
7.96352
10.1695
8.62905
8.29001
8.96751
10.749
10.6573
10.1614
10.0332
8.73964
7.76405
9.89347
8.39057
8.0522
8.71798
10.457
8.2472
7.84769
7.77427
6.75632
6.00917
7.6637
6.50922
6.24707
6.77425
8.08314
9.435
8.9871
8.89274
7.72579
6.87633
8.77612
7.44059
7.12749
7.73758
9.26717
10.0771
9.58806
9.50052
8.23395
7.32573
9.34832
7.94539
7.62563
8.2731
9.88688
8.521
8.11158
8.02479
6.99173
6.20936
7.93254
6.72561
6.45835
6.97541
8.35613
8.92655
8.51548
8.41488
7.31095
6.50022
8.27958
7.04314
6.75594
7.30645
8.7594
10.327
9.83897
9.72935
8.44973
7.52223
9.58235
8.15693
7.80261
8.4644
10.1374
8.30178
7.89307
7.82211
6.79204
6.03688
7.70873
6.55186
6.28608
6.80942
8.15963
9.99726
9.51319
9.41607
8.17966
7.27456
9.28381
7.89368
7.56141
8.18951
9.80819
10.3774
9.86948
9.76417
8.48375
7.54979
9.62976
8.19043
7.83191
8.50693
10.184
9.00328
8.58293
8.4872
7.39015
6.55783
8.35914
7.11007
6.79599
7.37866
8.84176
9.52607
9.08652
8.97817
7.82675
6.94783
8.86869
7.53793
7.22218
7.7964
9.34922
8.01471
7.63239
7.55187
6.5477
5.83432
7.45159
6.30892
6.05535
6.57384
7.87142
9.66267
9.20022
9.10932
7.9124
7.02976
8.97012
7.62783
7.30476
7.93067
9.50284
7.85842
7.48204
7.4058
6.47145
5.72012
7.31461
6.19696
5.94763
6.44003
7.73704
8.57641
8.17284
8.08955
7.01969
6.23686
7.95825
6.76979
6.48924
7.02093
8.42955
8.5085
8.11408
8.00492
6.96737
6.20593
7.90899
6.70221
6.43756
6.9593
8.33002
9.28137
8.84872
8.75443
7.59888
6.74842
8.63123
7.33422
7.03917
7.61595
9.1028
9.17743
8.73752
8.63755
7.50642
6.68234
8.52327
7.23215
6.92931
7.53041
8.99317
9.05501
8.63012
8.54747
7.40206
6.59223
8.39627
7.15645
6.87114
7.43133
8.89062
8.46775
8.07277
7.96775
6.94272
6.16994
7.87155
6.66403
6.40404
6.92374
8.31094
10.1154
9.6333
9.5299
8.2744
7.36067
9.38318
7.97027
7.64758
8.29389
9.92538
8.62835
8.21646
8.11645
7.07093
6.29026
8.03381
6.79577
6.50994
7.07725
8.46988
10.9076
10.3685
10.2855
8.94171
7.93551
10.1363
8.6042
8.25528
8.95553
10.7126
9.63211
9.17505
9.0544
7.89965
7.01676
8.94549
7.60437
7.26987
7.89889
9.44154
8.38187
7.97643
7.90116
6.8429
6.09722
7.78536
6.60686
6.33814
6.86941
8.21837
9.23654
8.80007
8.69824
7.57637
6.73135
8.597
7.29751
6.99907
7.57897
9.04537
10.0557
9.57024
9.46735
8.23324
7.31191
9.33702
7.92966
7.60708
8.24632
9.8582
10.7053
10.1888
10.0849
8.78218
7.80502
9.956
8.43727
8.09594
8.78215
10.5054
8.80255
8.41304
8.31831
7.21039
6.41868
8.18219
6.96965
6.69476
7.22863
8.62908
10.1735
9.68676
9.58534
8.33303
7.4049
9.471
8.04578
7.70724
8.35456
9.96841
8.40143
7.98821
7.90704
6.85391
6.09419
7.79018
6.60298
6.34231
6.87682
8.25418
9.7824
9.30222
9.20621
8.01855
7.1366
9.07944
7.71408
7.3882
8.02562
9.59724
8.54387
8.12538
8.04605
6.96747
6.19522
7.93132
6.74565
6.47104
7.00838
8.37304
9.84681
9.35267
9.26641
8.04926
7.15222
9.13724
7.75232
7.44631
8.06408
9.6449
10.9414
10.4067
10.3083
8.95549
7.96435
10.169
8.6346
8.27643
8.98566
10.7417
9.44021
8.98801
8.89658
7.74679
6.87629
8.78846
7.46001
7.14151
7.74482
9.25946
8.3777
7.97093
7.87817
6.83335
6.09959
7.78712
6.60649
6.32875
6.88176
8.19308
9.49201
9.02906
8.94719
7.76196
6.89427
8.8216
7.48992
7.17774
7.75298
9.30837
8.21591
7.82732
7.73719
6.70967
5.97178
7.62385
6.46818
6.22022
6.72757
8.06583
9.27856
8.86028
8.73175
7.63062
6.78088
8.63246
7.31285
7.02195
7.57736
9.09884
10.7323
10.2053
10.0973
8.78838
7.80589
9.9688
8.45695
8.11029
8.80125
10.5218
9.08918
8.6478
8.55542
7.43569
6.61433
8.44865
7.15051
6.87758
7.441
8.92091
8.8084
8.40402
8.31149
7.22992
6.43112
8.18889
6.96218
6.67686
7.22818
8.64113
7.62808
7.26557
7.18265
6.23165
5.55054
7.0893
5.99422
5.7732
6.24185
7.48573
9.42445
8.95616
8.86769
7.68801
6.84636
8.75726
7.44869
7.12759
7.72413
9.23727
9.4987
9.05629
8.93077
7.77285
6.91829
8.82687
7.47145
7.17868
7.76468
9.31045
10.1556
9.64944
9.56398
8.29907
7.38658
9.42552
8.01301
7.67507
8.34477
9.95417
9.47226
9.04703
8.93367
7.77213
6.90396
8.81351
7.45842
7.15805
7.73687
9.31433
8.42102
8.0064
7.93038
6.87284
6.11622
7.80787
6.62088
6.35659
6.89281
8.27517
8.75864
8.34741
8.26955
7.17533
6.38027
8.13929
6.90348
6.62931
7.18496
8.61553
9.14338
8.70002
8.61714
7.49019
6.65484
8.49172
7.21959
6.9197
7.51666
8.97299
9.45982
8.99391
8.91041
7.75036
6.88674
8.79452
7.45794
7.14957
7.76308
9.27778
10.3844
9.86771
9.76956
8.49107
7.54817
9.63427
8.18074
7.84277
8.51745
10.1735
10.5968
10.0876
9.98861
8.68805
7.71644
9.84138
8.35003
8.01458
8.69386
10.3963
9.51579
9.05489
8.96715
7.79464
6.93042
8.85759
7.51734
7.20869
7.79663
9.33935
8.6009
8.2019
8.09248
7.05616
6.27444
7.98984
6.78583
6.50465
7.05931
8.42083
9.46106
9.02778
8.92177
7.74809
6.8881
8.79217
7.49466
7.16885
7.76661
9.31346
8.98366
8.55708
8.45738
7.33831
6.53703
8.34233
7.0582
6.78248
7.36487
8.78951
9.6644
9.22731
9.11018
7.92208
7.04258
8.96972
7.65119
7.32429
7.93221
9.47606
10.1629
9.67342
9.58132
8.3353
7.41072
9.4553
8.00813
7.68163
8.33715
9.97761
9.37762
8.92153
8.83813
7.68194
6.82261
8.72274
7.42413
7.10657
7.6973
9.18333
9.79166
9.31073
9.23217
8.01478
7.1176
9.09721
7.73477
7.4095
8.02944
9.59674
9.39627
8.95567
8.84954
7.70095
6.85266
8.73179
7.42523
7.09968
7.7143
9.22156
8.26259
7.86079
7.77553
6.7623
6.01969
7.68043
6.5259
6.26336
6.79734
8.07756
9.75368
9.27481
9.19246
7.9747
7.08611
9.07039
7.70251
7.38536
8.00091
9.568
9.61659
9.14454
9.06287
7.86232
6.99456
8.9125
7.57697
7.27051
7.88528
9.42869
10.4316
9.92375
9.82321
8.53795
7.5865
9.68793
8.2278
7.88492
8.55936
10.2238
8.57912
8.17331
8.08298
7.03937
6.24672
7.96095
6.76085
6.48532
7.03206
8.43031
9.78306
9.30806
9.22021
8.00418
7.11335
9.07158
7.72387
7.39819
8.02532
9.60655
9.02645
8.60195
8.49349
7.38418
6.57228
8.38885
7.10774
6.81378
7.37935
8.85538
7.87051
7.49391
7.42735
6.44413
5.72013
7.3101
6.20247
5.95982
6.45012
7.73896
9.64016
9.17749
9.08093
7.89682
7.00307
8.94092
7.58177
7.29246
7.87552
9.46272
9.92622
9.43649
9.35046
8.13755
7.22142
9.22081
7.81929
7.50127
8.14264
9.74766
8.7464
8.28942
8.22418
7.16471
6.34766
8.12065
6.90501
6.6282
7.18391
8.5696
8.44563
8.03363
7.95996
6.89677
6.1274
7.83231
6.64585
6.38225
6.91683
8.3078
9.17371
8.74049
8.65516
7.52033
6.66736
8.5406
7.25146
6.95827
7.53493
9.00615
9.76876
9.29638
9.20336
8.00965
7.11525
9.06042
7.6899
7.38779
8.01393
9.56384
8.52537
8.13498
8.04051
6.9845
6.22143
7.94165
6.72374
6.46312
6.97732
8.39537
10.3534
9.86475
9.75957
8.47145
7.53128
9.60801
8.16489
7.84445
8.48718
10.1505
7.6369
7.27105
7.19825
6.23945
5.55729
7.10112
6.01288
5.79091
6.25784
7.49704
9.0052
8.57846
8.4949
7.35605
6.56454
8.36082
7.13717
6.84164
7.3913
8.80805
9.71416
9.25921
9.15956
7.95548
7.06357
9.02667
7.64585
7.34288
7.95904
9.54596
8.06958
7.67797
7.61078
6.59246
5.88364
7.50005
6.37325
6.10656
6.62879
7.90365
10.3088
9.80746
9.70166
8.43169
7.49498
9.57616
8.10943
7.77883
8.43813
10.1157
9.66513
9.18872
9.09989
7.90409
7.02346
8.9811
7.62563
7.30887
7.92133
9.47578
7.74375
7.3613
7.28981
6.31913
5.63354
7.20265
6.083
5.86531
6.34663
7.58756
9.37148
8.94723
8.84254
7.69144
6.83537
8.70396
7.40948
7.09473
7.69404
9.19252
9.28189
8.85506
8.7746
7.61111
6.76771
8.60179
7.31273
7.03028
7.61355
9.10528
9.57302
9.1104
9.02283
7.81906
6.95364
8.87102
7.55836
7.23465
7.85132
9.40425
7.99125
7.59171
7.5277
6.54726
5.80604
7.42948
6.28974
6.06199
6.53608
7.83919
8.50705
8.12871
8.02648
6.95139
6.1924
7.88234
6.72021
6.43919
6.96335
8.34746
10.1902
9.67607
9.58563
8.31696
7.39466
9.46145
8.04611
7.71178
8.35788
9.96805
10.2628
9.75002
9.67673
8.41266
7.465
9.53606
8.09591
7.757
8.4278
10.0856
8.24848
7.86145
7.765
6.72753
6.00318
7.64853
6.53158
6.25037
6.77353
8.07251
8.36864
7.96051
7.88589
6.83462
6.07207
7.75844
6.58727
6.32367
6.85612
8.22992
8.9689
8.54844
8.48678
7.36654
6.53839
8.35068
7.10002
6.80401
7.36037
8.83931
10.6501
10.1518
10.0558
8.72786
7.75247
9.9044
8.41451
8.06973
8.73766
10.462
7.98795
7.62496
7.55939
6.56691
5.82462
7.44158
6.32382
6.068
6.57315
7.85133
10.9495
10.4269
10.3166
8.97064
7.96352
10.1695
8.62905
8.29
8.9675
10.749
10.6573
10.1614
10.0332
8.73963
7.76404
9.89347
8.39057
8.0522
8.71798
10.457
8.24719
7.84768
7.77426
6.75631
6.00916
7.66369
6.50921
6.24706
6.77425
8.08313
9.43499
8.9871
8.89274
7.72579
6.87633
8.77611
7.44059
7.12749
7.73757
9.26716
10.0771
9.58805
9.50051
8.23394
7.32573
9.34831
7.94538
7.62562
8.27309
9.88688
8.52099
8.11157
8.02478
6.99173
6.20936
7.93253
6.72561
6.45835
6.9754
8.35612
8.92654
8.51547
8.41487
7.31094
6.50021
8.27957
7.04313
6.75593
7.30644
8.75939
10.327
9.83896
9.72934
8.44973
7.52223
9.58234
8.15692
7.8026
8.46439
10.1374
8.30177
7.89307
7.8221
6.79204
6.03687
7.70873
6.55185
6.28608
6.80941
8.15963
9.99725
9.51318
9.41606
8.17965
7.27455
9.2838
7.89367
7.56141
8.1895
9.80818
10.3774
9.86948
9.76416
8.48374
7.54978
9.62975
8.19042
7.83191
8.50693
10.1839
9.00328
8.58292
8.48719
7.39015
6.55783
8.35913
7.11006
6.79598
7.37865
8.84175
9.52606
9.08651
8.97816
7.82674
6.94783
8.86868
7.53793
7.22217
7.7964
9.34921
8.0147
7.63238
7.55186
6.54769
5.83431
7.45158
6.30891
6.05534
6.57383
7.87141
9.66266
9.20021
9.10931
7.91239
7.02975
8.97011
7.62783
7.30475
7.93066
9.50283
7.85841
7.48203
7.4058
6.47144
5.72012
7.31461
6.19696
5.94763
6.44003
7.73704
8.5764
8.17283
8.08954
7.01968
6.23686
7.95824
6.76978
6.48923
7.02092
8.42955
8.50849
8.11407
8.00492
6.96737
6.20592
7.90899
6.70221
6.43756
6.95929
8.33001
9.28136
8.84871
8.75442
7.59887
6.74841
8.63122
7.33422
7.03917
7.61594
9.10279
9.17742
8.73751
8.63754
7.50641
6.68233
8.52326
7.23214
6.9293
7.5304
8.99317
9.055
8.63011
8.54746
7.40205
6.59222
8.39626
7.15644
6.87114
7.43133
8.89061
8.46775
8.07276
7.96775
6.94271
6.16993
7.87154
6.66403
6.40404
6.92373
8.31094
10.1154
9.63329
9.52989
8.27439
7.36066
9.38317
7.97026
7.64757
8.29388
9.92537
8.62834
8.21646
8.11644
7.07093
6.29025
8.0338
6.79577
6.50993
7.07725
8.46987
10.9075
10.3685
10.2855
8.94171
7.93551
10.1363
8.60419
8.25527
8.95552
10.7126
9.6321
9.17505
9.05439
7.89965
7.01676
8.94549
7.60437
7.26987
7.89888
9.44153
8.38186
7.97643
7.90115
6.84289
6.09722
7.78535
6.60685
6.33813
6.8694
8.21836
9.23653
8.80007
8.69823
7.57637
6.73135
8.59699
7.29751
6.99906
7.57896
9.04536
10.0557
9.57023
9.46734
8.23323
7.3119
9.33701
7.92965
7.60707
8.24631
9.85819
10.7053
10.1888
10.0848
8.78217
7.80501
9.95599
8.43726
8.09593
8.78214
10.5054
8.80254
8.41303
8.3183
7.21038
6.41868
8.18218
6.96964
6.69475
7.22862
8.62907
10.1735
9.68676
9.58533
8.33302
7.4049
9.471
8.04578
7.70724
8.35455
9.9684
8.40142
7.98821
7.90703
6.8539
6.09418
7.79017
6.60297
6.3423
6.87681
8.25417
9.78239
9.30221
9.2062
8.01855
7.13659
9.07944
7.71408
7.3882
8.02561
9.59724
8.54386
8.12537
8.04604
6.96746
6.19522
7.93131
6.74564
6.47104
7.00837
8.37303
9.8468
9.35266
9.2664
8.04925
7.15221
9.13723
7.75232
7.4463
8.06407
9.64489
10.9414
10.4067
10.3083
8.95549
7.96435
10.169
8.6346
8.27642
8.98566
10.7417
9.4402
8.988
8.89658
7.74678
6.87628
8.78846
7.46001
7.1415
7.74482
9.25945
8.37769
7.97092
7.87817
6.83335
6.09958
7.78712
6.60648
6.32875
6.88176
8.19307
9.492
9.02905
8.94718
7.76196
6.89427
8.8216
7.48991
7.17773
7.75297
9.30836
8.2159
7.82731
7.73718
6.70966
5.97177
7.62384
6.46818
6.22021
6.72756
8.06582
9.27855
8.86028
8.73175
7.63062
6.78088
8.63246
7.31285
7.02195
7.57736
9.09884
10.7323
10.2053
10.0973
8.78838
7.80588
9.96879
8.45694
8.11029
8.80125
10.5218
9.08917
8.64779
8.55541
7.43568
6.61433
8.44864
7.15051
6.87757
7.44099
8.9209
8.8084
8.40401
8.31148
7.22991
6.43111
8.18888
6.96217
6.67685
7.22817
8.64112
7.62807
7.26556
7.18264
6.23164
5.55053
7.08929
5.99421
5.7732
6.24184
7.48573
9.42444
8.95615
8.86768
7.688
6.84636
8.75725
7.44868
7.12758
7.72412
9.23726
9.49869
9.05628
8.93076
7.77284
6.91828
8.82686
7.47144
7.17867
7.76467
9.31044
10.1556
9.64943
9.56397
8.29906
7.38657
9.42552
8.013
7.67506
8.34476
9.95417
9.47226
9.04702
8.93366
7.77212
6.90395
8.8135
7.45842
7.15804
7.73686
9.31432
8.42101
8.00639
7.93037
6.87283
6.11621
7.80786
6.62087
6.35658
6.8928
8.27516
8.75864
8.3474
8.26954
7.17532
6.38026
8.13928
6.90348
6.6293
7.18495
8.61552
9.14337
8.70001
8.61713
7.49018
6.65483
8.49171
7.21958
6.91969
7.51666
8.97298
9.45981
8.9939
8.9104
7.75036
6.88674
8.79451
7.45794
7.14957
7.76308
9.27777
10.3844
9.8677
9.76956
8.49106
7.54817
9.63426
8.18073
7.84276
8.51745
10.1735
10.5968
10.0876
9.9886
8.68804
7.71643
9.84137
8.35002
8.01458
8.69386
10.3963
9.51579
9.05488
8.96714
7.79464
6.93041
8.85758
7.51733
7.20869
7.79662
9.33935
8.60089
8.20189
8.09247
7.05616
6.27443
7.98983
6.78582
6.50465
7.05931
8.42083
9.46105
9.02777
8.92177
7.74809
6.88809
8.79216
7.49466
7.16884
7.7666
9.31345
8.98365
8.55707
8.45738
7.3383
6.53702
8.34233
7.05819
6.78248
7.36487
8.7895
9.66439
9.2273
9.11017
7.92208
7.04258
8.96971
7.65118
7.32428
7.9322
9.47605
10.1629
9.67342
9.58132
8.33529
7.41072
9.45529
8.00812
7.68163
8.33714
9.97761
9.37761
8.92153
8.83812
7.68194
6.8226
8.72274
7.42413
7.10657
7.6973
9.18332
9.79165
9.31072
9.23217
8.01477
7.11759
9.0972
7.73476
7.40949
8.02943
9.59673
9.39627
8.95566
8.84953
7.70094
6.85265
8.73178
7.42522
7.09967
7.7143
9.22155
8.26258
7.86078
7.77552
6.76229
6.01969
7.68043
6.52589
6.26336
6.79733
8.07756
9.75367
9.2748
9.19245
7.97469
7.0861
9.07038
7.7025
7.38535
8.00091
9.56799
9.61658
9.14453
9.06286
7.86231
6.99456
8.91249
7.57696
7.2705
7.88527
9.42868
10.4316
9.92374
9.8232
8.53794
7.5865
9.68793
8.2278
7.88491
8.55935
10.2238
8.57911
8.1733
8.08297
7.03936
6.24672
7.96094
6.76084
6.48531
7.03206
8.4303
9.78305
9.30805
9.2202
8.00418
7.11334
9.07157
7.72386
7.39818
8.02532
9.60655
9.02645
8.60194
8.49348
7.38417
6.57227
8.38885
7.10773
6.81377
7.37934
8.85537
7.87051
7.4939
7.42735
6.44412
5.72012
7.31009
6.20246
5.95981
6.45011
7.73895
0.999935
